[www.nightingale.world/index.html]
[backblue.gif]
[fade.gif]
[index.html]
[www.nightingale.world/apple-touch-icon.png]
[www.nightingale.world/favicon-32x32.png]
[www.nightingale.world/favicon-16x16.png]
[www.nightingale.world/safari-pinned-tab.svg]
[www.nightingale.world/wp-content/uploads/2019/12/banner.png]
[www.nightingale.world/wp-content/cache/wpfc-minified/jou803d9/5tqgb.css]
[www.nightingale.world/about/index.html]
[www.nightingale.world/projects/index.html]
[www.nightingale.world/wp-content/themes/nightingale/static/ng-logo.svg]
[www.nightingale.world/contact/index.html]
[www.nightingale.world/wp-content/uploads/2019/12/MG_0231-1-scaled-680x920.jpg]
[www.nightingale.world/press/index.html]
[www.nightingale.world/news/index.html]
[www.nightingale.world/news/clothilde-brings-beauty-full-stories-for-better-skin-and-planet/index.html]
[www.nightingale.world/wp-content/uploads/2019/12/NG__MG_2689b-1-680x920.jpg]
[www.nightingale.world/wp-content/uploads/2019/12/MG_4885-680x920.jpg]
[www.nightingale.world/news/i-sette-giorni/index.html]
[www.nightingale.world/wp-content/uploads/2017/08/MG_1124b-1-680x920.jpg]
[www.nightingale.world/wp-content/uploads/2019/12/NG_Jaguar_BarrelRollLaunch_05-scaled-e1576661061234-680x920.jpg]
[www.nightingale.world/news/london-inspiration-trip-by-nightingale-and-mode-unie/index.html]
[www.nightingale.world/wp-content/themes/nightingale/static/approach/tiles-front.png]
[www.nightingale.world/wp-content/themes/nightingale/static/approach/tiles-back.png]
[www.nightingale.world/projects/starbucks/index.html]
[www.nightingale.world/projects/puma/index.html]
[www.nightingale.world/projects/komono-marine-launch-collection/index.html]
[www.nightingale.world/projects/nokia-8-launch/index.html]
[www.nightingale.world/projects/jaguar-e-pace-launch/index.html]
[www.nightingale.world/index.html]
[www.nightingale.world/site.html]
[www.nightingale.world/safari-pinned-tab.svg]
[www.nightingale.world/wp-content/plugins/instagram-feed/img/small-logo.png]
[www.nightingale.world/wp-content/cache/wpfc-minified/jou803d9/5tqgb.css]
[connect.facebook.net/en_US/fbevents.html]
[www.googletagmanager.com/gtm5445.html]
[www.nightingale.world/wp-content/themes/nightingale/public/js/app.100f6b4a572c6d300a2d.js]
[www.nightingale.world/wp-content/themes/nightingale/public/js/vendor.100f6b4a572c6d300a2d.js]
[www.nightingale.world/wp-content/themes/nightingale/static/whatwedo/innovation.jpg]
[www.nightingale.world/wp-content/themes/nightingale/static/whatwedo/aesthetics.jpg]
[www.nightingale.world/wp-content/themes/nightingale/static/whatwedo/relevance.jpg]
[www.nightingale.world/wp-content/themes/nightingale/static/whatwedo/strategic-pr.jpg]
[www.nightingale.world/wp-content/themes/nightingale/static/whatwedo/exposure.jpg]
[www.nightingale.world/wp-content/themes/nightingale/static/whatwedo/branding.jpg]
[www.nightingale.world/wp-content/uploads/2019/12/experimental-value-680x920.jpg]
[www.nightingale.world/wp-content/uploads/2019/12/pioneer-value-3-680x920.jpg]
[www.nightingale.world/wp-content/uploads/2019/12/aesthetics-value-680x920.jpg]
[www.nightingale.world/wp-content/uploads/2019/12/critical-value-680x920.jpg]
[www.nightingale.world/wp-content/uploads/2019/11/1P7A2333z2-400x600.jpg]
[www.nightingale.world/wp-content/uploads/2019/11/1P7A2435z2-400x600.jpg]
[www.nightingale.world/wp-content/uploads/2019/11/1P7A4156z_11-400x600.jpg]
[www.nightingale.world/wp-content/uploads/2019/11/1P7A4084z_11-400x600.jpg]
[www.nightingale.world/wp-content/uploads/2019/11/1P7A4041z_11-400x600.jpg]
[www.nightingale.world/wp-content/uploads/2019/11/1P7A2612z_11-400x600.jpg]
[www.nightingale.world/wp-content/uploads/2019/11/1P7A2576z1-400x600.jpg]
[www.nightingale.world/wp-content/uploads/2019/11/1P7A2524z_11-400x600.jpg]
[www.nightingale.world/wp-content/uploads/2019/11/1P7A2484z1-400x600.jpg]
[www.nightingale.world/wp-content/uploads/2020/02/ng-team-anon-400x600.jpg]
[www.nightingale.world/wp-content/uploads/2019/12/New-office_photo_by_Alexandre_van_battel_for_Nightingale-6b-1500x605.jpg]
[www.nightingale.world/wp-content/uploads/2019/12/NG_office-ams-retouched-lowres-04-1-1500x605.jpg]
[www.nightingale.world/wp-content/uploads/2019/12/New-office_photo_by_Alexandre_van_battel_for_Nightingale-9-scaled-1500x605.jpg]
[www.nightingale.world/wp-content/uploads/2019/12/New-office_photo_by_Alexandre_van_battel_for_Nightingale-7-1-scaled-1500x605.jpg]
[www.nightingale.world/wp-content/uploads/2019/12/New-office_photo_by_Alexandre_van_battel_for_Nightingale-10b-1500x605.jpg]
[www.nightingale.world/wp-content/uploads/2019/12/Nightingale-office-Amsterdam-1-1500x605.jpg]
[www.nightingale.world/wp-content/uploads/2019/12/New-office_photo_by_Alexandre_van_battel_for_Nightingale-8-scaled-1500x605.jpg]
[www.nightingale.world/wp-content/uploads/2019/12/Nightingale-office-Amsterdam-2-1500x605.jpg]
[www.nightingale.world/wp-content/uploads/2019/12/New-office_photo_by_Alexandre_van_battel_for_Nightingale-4-scaled-1500x605.jpg]
[www.nightingale.world/wp-content/uploads/2019/12/Nightingale-office-Amsterdam-3c-1500x605.jpg]
[www.nightingale.world/wp-content/uploads/2019/12/Nighitngale-Workspace-Technogym-2-1500x605.jpg]
[www.nightingale.world/wp-content/uploads/2019/12/New-office_photo_by_Alexandre_van_battel_for_Nightingale-3b-1500x605.jpg]
[www.nightingale.world/about/index.html]
[www.nightingale.world/wp-content/uploads/2019/12/NG_KAAI-1602-scaled-680x920.jpg]
[www.nightingale.world/projects/category/branding/index.html]
[www.nightingale.world/projects/category/exposure/index.html]
[www.nightingale.world/wp-content/uploads/2019/12/Rectoverso-C08-2702-scaled-680x920.jpg]
[www.nightingale.world/wp-content/uploads/2019/12/1DSC_0511-scaled-680x920.jpg]
[www.nightingale.world/wp-content/uploads/2020/01/NG_DRYKORN_Chinatown_MG_9735-scaled-680x920.jpg]
[www.nightingale.world/wp-content/uploads/2019/12/NG_Technogym_BIKE-PERSONAL-24-PR-copy-1-680x920.jpg]
[www.nightingale.world/wp-content/uploads/2019/12/NG-I-Boffi-I-CODE-I-bytommasosartori-I-10-680x920.jpg]
[www.nightingale.world/wp-content/uploads/2019/12/MG_9021-scaled-680x920.jpg]
[www.nightingale.world/wp-content/uploads/2019/12/NG_FEESTMENU_SMARTMAT-16-melissamilis-139-scaled-680x920.jpg]
[www.nightingale.world/wp-content/uploads/2019/12/NG_SECRETGARDEN_STRONGBOW-016KrisDekeijser-scaled-e1576233716909-680x920.jpg]
[www.nightingale.world/wp-content/uploads/2019/12/MG_9746-scaled-680x920.jpg]
[www.nightingale.world/wp-content/uploads/2019/12/Mountain-18-scaled-680x920.jpg]
[www.nightingale.world/wp-content/uploads/2019/12/ANTIDOTE-2X19-63-scaled-680x920.jpg]
[www.nightingale.world/wp-content/uploads/2019/12/MG_0590b-1-680x920.jpg]
[www.nightingale.world/wp-content/uploads/2019/12/MG_7556b-680x920.jpg]
[www.nightingale.world/wp-content/uploads/2019/12/MG_8455b-scaled-680x920.jpg]
[www.nightingale.world/wp-content/uploads/2019/12/Move-Your-Lee-2-680x667.jpg]
[www.nightingale.world/projects/index.html]
[www.nightingale.world/wp-content/themes/nightingale/static/join-elipse.svg]
[www.nightingale.world/projects/kaai-brand-identity/index.html]
[www.nightingale.world/projects/rectoverso/index.html]
[www.nightingale.world/wp-content/themes/nightingale/static/ant.jpg]
[www.nightingale.world/wp-content/themes/nightingale/static/ams.jpg]
[www.nightingale.world/wp-content/uploads/2019/10/73227118_2514905171930293_8323132544123540599_n-1-512x512.jpg]
[www.nightingale.world/projects/morobe/index.html]
[www.nightingale.world/wp-content/uploads/2019/10/13534309_634272153398236_2118391507_n-512x512.jpg]
[www.nightingale.world/contact/index.html]
[www.nightingale.world/press/index.html]
[www.nightingale.world/wp-content/themes/nightingale/static/ng-logo.svg]
[www.nightingale.world/projects/drykorn/index.html]
[www.nightingale.world/projects/technogym/index.html]
[www.nightingale.world/projects/boffi/index.html]
[www.nightingale.world/wp-content/uploads/2020/02/ALEX_CARRO_SET_CAMEL0136-banner-2-scaled-1180x573.jpg]
[www.nightingale.world/wp-content/uploads/2020/02/isg-banner-news-1180x559.jpg]
[www.nightingale.world/projects/c-p-company-ss18-exhibition/index.html]
[www.nightingale.world/wp-content/uploads/2020/02/Library_Lounge_002-scaled-1180x826.jpg]
[www.nightingale.world/wp-content/uploads/2020/02/natgeo-FW-banner-3-1180x559.jpg]
[www.nightingale.world/projects/smartmat/index.html]
[www.nightingale.world/wp-content/uploads/2020/01/screencap-scrolling-homepage.mov2_.gif]
[www.nightingale.world/wp-content/uploads/2019/12/NG_office-ams-retouched-lowres-03-1180x826.jpg]
[www.nightingale.world/wp-content/uploads/2019/12/almab_nightingale_MG_1049_web-scaled-1180x826.jpg]
[www.nightingale.world/wp-content/uploads/2019/12/43A0114-1-scaled-1180x826.jpg]
[www.nightingale.world/projects/strongbow-secret-garden/index.html]
[www.nightingale.world/wp-content/uploads/2019/06/1F02BB7E-D94C-49E9-A199-6CEE0796928B.jpg]
[www.nightingale.world/wp-content/uploads/2019/05/Save-The-Duck-News-Nightingale-1180x559.jpg]
[www.nightingale.world/news/index.html]
[www.nightingale.world/projects/house-of-heach/index.html]
[www.nightingale.world/wp-content/uploads/2020/02/ALEX_CARRO_SET_CAMEL0136-banner.jpg]
[www.nightingale.world/wp-content/uploads/2020/02/ALEX_CARRO_SET_CAMEL0136-banner-2-scaled-1920x430.jpg]
[www.nightingale.world/projects/nightingale-hype•o•thermy-days/index.html]
[www.nightingale.world/wp-content/uploads/2020/02/isg-banner-news-590x413.jpg]
[www.nightingale.world/wp-content/uploads/2020/02/Library_Lounge_002-scaled-590x413.jpg]
[www.nightingale.world/wp-content/uploads/2020/02/natgeo-FW-banner-3-590x413.jpg]
[www.nightingale.world/news/clothilde-brings-beauty-full-stories-for-better-skin-and-planet/index.html]
[www.nightingale.world/projects/nightingale-antidote-2x19/index.html]
[www.nightingale.world/projects/nightingale-awake-days/index.html]
[www.nightingale.world/projects/nightingale-url_irl/index.html]
[www.nightingale.world/wp-content/uploads/2020/02/isg-banner-news.jpg]
[www.nightingale.world/projects/nightingale-concept-store/index.html]
[www.nightingale.world/wp-content/uploads/2020/02/isg-banner-news-1920x430.jpg]
[www.nightingale.world/projects/move-your-lee/index.html]
[www.nightingale.world/jobs/senior-pr-officer/index.html]
[www.nightingale.world/wp-content/uploads/2020/02/ALEX_CARRO_SET_CAMEL0136-banner-2-scaled-590x413.jpg]
[www.nightingale.world/news/i-sette-giorni/index.html]
[www.nightingale.world/wp-content/uploads/2020/02/Library_Lounge_002-scaled.jpg]
[www.nightingale.world/jobs/3d-intern/index.html]
[www.nightingale.world/jobs/digital-interns/index.html]
[www.nightingale.world/news/page/2/index.html]
[www.nightingale.world/wp-content/uploads/2020/02/Library_Lounge_002-scaled-1920x430.jpg]
[www.nightingale.world/news/category/events/index.html]
[www.nightingale.world/news/london-inspiration-trip-by-nightingale-and-mode-unie/index.html]
[www.nightingale.world/news/category/work/index.html]
[www.nightingale.world/news/category/news/index.html]
[www.nightingale.world/news/nat-geo-client/index.html]
[www.nightingale.world/wp-content/uploads/2019/12/MG_0231-1-scaled.jpg]
[www.nightingale.world/news/nightingale-opens-permanent-office-in-amsterdam/index.html]
[www.nightingale.world/news/meet-nightingales-new-website-designed-by-green-chameleon/index.html]
[www.nightingale.world/news/nightingale-prophecy-2x20/index.html]
[www.nightingale.world/news/nightingale-hosts-inspirational-trip-with-mode-unie/index.html]
[www.nightingale.world/wp-content/uploads/2019/12/MG_0231-1-scaled-855x570.jpg]
[www.nightingale.world/news/revolutionized-commute-the-unu-scooter-2-0-2/index.html]
[www.nightingale.world/wp-content/uploads/2019/12/MG_0231-e1576663722534.jpg]
[www.nightingale.world/wp-content/uploads/2019/12/MG_0355-e1576663747693.jpg]
[www.nightingale.world/wp-content/uploads/2019/12/MG_0274_0.jpg]
[www.nightingale.world/news/whos-going-to-save-the-duck/index.html]
[www.nightingale.world/wp-content/uploads/2019/12/NG__MG_2689b-1-855x570.jpg]
[www.nightingale.world/projects/starbucks/index.html]
[www.nightingale.world/wp-content/uploads/2019/12/NG__MG_2689b-1.jpg]
[www.nightingale.world/wp-content/uploads/2019/12/NG__MG_2689b-e1576662722839.jpg]
[www.nightingale.world/wp-content/uploads/2019/12/Screen-Shot-2017-10-27-at-14.13.26_0.png]
[www.nightingale.world/wp-content/uploads/2019/12/Screen-Shot-2017-10-16-at-16.16.56_0.png]
[www.nightingale.world/wp-content/uploads/2019/12/NG__MG_2853c.jpg]
[www.nightingale.world/wp-content/uploads/2019/12/NG__MG_2242b-scaled-1500x605.jpg]
[www.nightingale.world/wp-content/uploads/2019/12/NG__MG_2579b-scaled-1500x605.jpg]
[www.nightingale.world/wp-content/uploads/2019/12/NG__MG_2853b-scaled-1500x605.jpg]
[www.nightingale.world/wp-content/uploads/2019/12/NG__MG_2804b-scaled-1500x605.jpg]
[www.nightingale.world/wp-content/uploads/2019/12/NG__MG_2627b-scaled-1500x605.jpg]
[www.nightingale.world/wp-content/uploads/2019/12/NG__MG_2348b-scaled-1500x605.jpg]
[www.nightingale.world/wp-content/uploads/2019/12/NG__MG_2816b-scaled-1500x605.jpg]
[www.nightingale.world/wp-content/uploads/2019/12/MG_4885-855x570.jpg]
[www.nightingale.world/projects/puma/index.html]
[www.nightingale.world/wp-content/uploads/2019/12/MG_4885.jpg]
[www.nightingale.world/wp-content/uploads/2019/12/2T7A0087b-e1576229613687.jpg]
[www.nightingale.world/wp-content/uploads/2019/12/2T7A0336b-e1576230093915.jpg]
[www.nightingale.world/wp-content/uploads/2019/12/2T7A0215b-1.jpg]
[www.nightingale.world/wp-content/uploads/2019/12/Komono_lowres_88-scaled.jpg]
[www.nightingale.world/wp-content/uploads/2019/12/MG_0567b-e1576230143687.jpg]
[www.nightingale.world/wp-content/uploads/2019/12/MG_5003-scaled-1500x605.jpg]
[www.nightingale.world/wp-content/uploads/2019/12/MG_4672-scaled-1500x605.jpg]
[www.nightingale.world/wp-content/uploads/2019/12/Komono_lowres_58-scaled-1500x605.jpg]
[www.nightingale.world/wp-content/uploads/2019/12/MG_4831-scaled-1500x605.jpg]
[www.nightingale.world/wp-content/uploads/2019/12/komono2-1500x605.jpg]
[www.nightingale.world/wp-content/uploads/2019/12/MG_4823-scaled-1500x605.jpg]
[www.nightingale.world/wp-content/uploads/2019/12/Komono1-1500x605.jpg]
[www.nightingale.world/wp-content/uploads/2017/08/MG_1124b-1-855x570.jpg]
[www.nightingale.world/projects/komono-marine-launch-collection/index.html]
[www.nightingale.world/wp-content/uploads/2017/08/MG_1124b-1.jpg]
[www.nightingale.world/wp-content/uploads/2017/08/MG_1124b.jpg]
[www.nightingale.world/wp-content/uploads/2017/08/MG_0798b.jpg]
[www.nightingale.world/wp-content/uploads/2017/08/MG_0770b.jpg]
[www.nightingale.world/wp-content/uploads/2017/08/NG_Nokia_launch_Antwerp_Nokia8_MG_1083b-scaled-1500x605.jpg]
[www.nightingale.world/wp-content/uploads/2017/08/MG_0631b-scaled-1500x605.jpg]
[www.nightingale.world/wp-content/uploads/2017/08/NG_Nokia_launch_Antwerp_Nokia8_MG_1512b-scaled-1500x605.jpg]
[www.nightingale.world/wp-content/uploads/2017/08/NG_Nokia_launch_Antwerp_Nokia8_MG_1196b-scaled-1500x605.jpg]
[www.nightingale.world/wp-content/uploads/2017/08/NG_Nokia_launch_Antwerp_Nokia8_MG_0665b-scaled-1500x605.jpg]
[www.nightingale.world/wp-content/uploads/2017/08/NG_Nokia_launch_Antwerp_Nokia8_MG_1358b-scaled-1500x605.jpg]
[www.nightingale.world/wp-content/uploads/2019/12/NG_Jaguar_BarrelRollLaunch_05-scaled-e1576661061234-855x570.jpg]
[www.nightingale.world/projects/nokia-8-launch/index.html]
[www.nightingale.world/wp-content/uploads/2019/12/NG_Jaguar_BarrelRollLaunch_05-1-scaled.jpg]
[www.nightingale.world/wp-content/uploads/2019/12/NG_Jaguar_BarrelRollLaunch_09-scaled.jpg]
[www.nightingale.world/wp-content/uploads/2019/12/NG_Jaguar_BarrelRollLaunch_07-1.jpg]
[www.nightingale.world/wp-content/uploads/2019/12/NG_Jaguar_BarrelRollLaunch_03-scaled.jpg]
[www.nightingale.world/wp-content/uploads/2019/12/NG_KAAI-1602-scaled-855x570.jpg]
[www.nightingale.world/projects/jaguar-e-pace-launch/index.html]
[www.nightingale.world/wp-admin/admin-ajax.html]
[www.nightingale.world/projects/category/branding/index.html]
[www.nightingale.world/projects/category/exposure/index.html]
[www.nightingale.world/projects/category/exposure/page/2/index.html]
[www.nightingale.world/projects/category/branding/page/2/index.html]
[www.nightingale.world/wp-content/uploads/2019/12/NG_KAAI-1602-scaled.jpg]
[www.nightingale.world/wp-content/uploads/2019/12/KAAI-1718-scaled-e1576576952918.jpg]
[www.nightingale.world/wp-content/uploads/2019/12/Schermafbeelding-2019-12-18-om-14.36.08-e1576676230323.jpg]
[www.nightingale.world/wp-content/uploads/2019/12/Schermafbeelding-2019-12-18-om-14.34.08-e1576676109928.jpg]
[www.nightingale.world/wp-content/uploads/2019/12/NG_KAAI_190607KAAILOOK11-0980-scaled-e1576675618678.jpg]
[www.nightingale.world/wp-content/uploads/2019/12/Rectoverso-C08-2702-scaled-855x570.jpg]
[www.nightingale.world/projects/kaai-brand-identity/index.html]
[www.nightingale.world/wp-content/uploads/2019/12/Rectoverso-C08-2702-scaled.jpg]
[www.nightingale.world/wp-content/uploads/2019/12/NG_RectoVerso_-L06-1128-scaled.jpg]
[www.nightingale.world/wp-content/uploads/2019/12/Rectoverso-C07-2648-scaled.jpg]
[www.nightingale.world/wp-content/uploads/2019/12/NG_RectoVerso_-L14-1621-2-scaled.jpg]
[www.nightingale.world/wp-content/uploads/2019/12/Rectoverso-sportswear_2.png]
[www.nightingale.world/wp-content/uploads/2019/12/NG_RectoVerso__MG_0082-scaled.jpg]
[www.nightingale.world/wp-content/uploads/2019/12/NG_RectoVerso__MG_9902-scaled-e1576575590298.jpg]
[www.nightingale.world/wp-content/uploads/2019/12/NG_RectoVerso__MG_0108-scaled-e1576575987943.jpg]
[www.nightingale.world/wp-content/uploads/2019/12/NG_RectoVerso__MG_0029-scaled-e1576575790553.jpg]
[www.nightingale.world/wp-content/uploads/2019/12/1DSC_0511-scaled-855x570.jpg]
[www.nightingale.world/projects/rectoverso/index.html]
[www.nightingale.world/wp-content/uploads/2019/12/1DSC_0511-scaled.jpg]
[www.nightingale.world/wp-content/uploads/2019/12/MOROBE_003_065-scaled-e1576664597128.jpg]
[www.nightingale.world/wp-content/uploads/2019/12/MOROBE_009_051-scaled-e1576664681252.jpg]
[www.nightingale.world/wp-content/uploads/2019/12/NG_Morobe_ChiaraFerragni_philo-scaled.jpg]
[www.nightingale.world/wp-content/uploads/2019/12/NG_Morobe_ChiaraFerragni_01.02-e1576574191420.jpg]
[www.nightingale.world/wp-content/uploads/2019/12/Morobaé-in-the-City-Furniture-2_0-e1576664979903.jpg]
[www.nightingale.world/wp-content/uploads/2019/12/MOROBE_014_010-scaled-e1576677764636.jpg]
[www.nightingale.world/wp-content/uploads/2019/12/MOROBE_014_079-scaled-e1576677815785.jpg]
[www.nightingale.world/wp-content/uploads/2020/01/NG_DRYKORN_Chinatown_MG_9735-scaled-855x570.jpg]
[www.nightingale.world/projects/morobe/index.html]
[www.nightingale.world/wp-content/uploads/2020/01/NG_DRYKORN_Chinatown_MG_9735-scaled.jpg]
[www.nightingale.world/wp-content/uploads/2020/01/NG_DRYKORN_Chinatown_MG_9835-scaled.jpg]
[www.nightingale.world/wp-content/uploads/2020/01/NG_DRYKORN_Chinatown_MG_9710-scaled.jpg]
[www.nightingale.world/wp-content/uploads/2020/01/NG_DRYKORN_Chinatown_MG_9840-scaled-1500x605.jpg]
[www.nightingale.world/wp-content/uploads/2020/01/NG_DRYKORN_Chinatown_MG_9638-scaled-1500x605.jpg]
[www.nightingale.world/wp-content/uploads/2020/01/NG_DRYKORN_Chinatown_MG_9727-scaled-1500x605.jpg]
[www.nightingale.world/wp-content/uploads/2020/01/NG_DRYKORN_Chinatown_MG_9926-scaled-1500x605.jpg]
[www.nightingale.world/wp-content/uploads/2020/01/NG_DRYKORN_Chinatown_MG_9880-scaled-1500x605.jpg]
[www.nightingale.world/wp-content/uploads/2019/12/NG_DRYKORN_Chinatown_MG_9584-scaled-1500x605.jpg]
[www.nightingale.world/wp-content/uploads/2019/12/NG_Technogym_BIKE-PERSONAL-24-PR-copy-1-855x570.jpg]
[www.nightingale.world/projects/drykorn/index.html]
[www.nightingale.world/wp-content/uploads/2019/12/NG_Technogym_BIKE-PERSONAL-24-PR-copy-1.jpg]
[www.nightingale.world/wp-content/uploads/2019/12/Technogym3-scaled.jpg]
[www.nightingale.world/wp-content/uploads/2019/12/NG_Technogym_Bike-Personal1b-scaled.jpg]
[www.nightingale.world/wp-content/uploads/2019/12/Technogym-Cross-Personal-12-1-scaled.jpg]
[www.nightingale.world/wp-content/uploads/2019/12/NG-I-Boffi-I-CODE-I-bytommasosartori-I-10-855x570.jpg]
[www.nightingale.world/projects/technogym/index.html]
[www.nightingale.world/wp-content/uploads/2019/12/NG-I-Boffi-I-CODE-I-bytommasosartori-I-10.jpg]
[www.nightingale.world/wp-content/uploads/2019/12/NG-I-Boffi-Antwerpen-I-Showroom-I-12-min-scaled.jpg]
[www.nightingale.world/wp-content/uploads/2019/12/NG-I-Boffi-Antwerpen-I-Showroom-I-22-min-scaled.jpg]
[www.nightingale.world/wp-content/uploads/2019/12/NG-I-Boffi-I-CODE-I-bytommasosartori-I-09-1500x605.jpg]
[www.nightingale.world/wp-content/uploads/2019/12/NG-I-Boffi-Antwerpen-I-Showroom-I-17-scaled-1500x605.jpg]
[www.nightingale.world/wp-content/uploads/2019/12/NG-I-Boffi-I-Padova-So_chair-1500x605.jpg]
[www.nightingale.world/wp-content/uploads/2019/12/MG_9021-scaled-855x570.jpg]
[www.nightingale.world/projects/boffi/index.html]
[www.nightingale.world/wp-content/uploads/2019/12/MG_9021-scaled.jpg]
[www.nightingale.world/wp-content/uploads/2019/12/MG_9308-1-scaled-e1576667678175.jpg]
[www.nightingale.world/wp-content/uploads/2019/12/MG_9039-scaled-e1576236743743.jpg]
[www.nightingale.world/wp-content/uploads/2019/12/MG_9068-scaled-e1576236795553.jpg]
[www.nightingale.world/wp-content/uploads/2019/12/12221122.jpg]
[www.nightingale.world/wp-content/uploads/2019/12/NG_C.P.-COMPANYxPATTA_courtesy-of_Petrovsky-Ramone-19-scaled.jpg]
[www.nightingale.world/wp-content/uploads/2019/12/NG_C.P.-COMPANYxPATTA_courtesy-of_Petrovsky-Ramone-2-scaled.jpg]
[www.nightingale.world/wp-content/uploads/2019/12/NG_FEESTMENU_SMARTMAT-16-melissamilis-139-scaled-855x570.jpg]
[www.nightingale.world/projects/c-p-company-ss18-exhibition/index.html]
[www.nightingale.world/wp-content/uploads/2019/12/NG_FEESTMENU_SMARTMAT-16-melissamilis-139-scaled.jpg]
[www.nightingale.world/wp-content/uploads/2019/12/smartmat-midsommar-melisssamilis-106-scaled-e1576234823965.jpg]
[www.nightingale.world/wp-content/uploads/2019/12/NG_SMARTMAT_FEESTMENU_smartmat-kerst-2016-1211-scaled-e1576235351499.jpg]
[www.nightingale.world/wp-content/uploads/2019/12/smartmat-tvspot-155-scaled-e1576236286330.jpg]
[www.nightingale.world/wp-content/uploads/2019/12/smartmat-antwerpen-release-8-scaled-e1576236016301.jpg]
[www.nightingale.world/wp-content/uploads/2019/12/SMARTMAT_FOODTROLLEY_2-scaled-e1576235909547.jpg]
[www.nightingale.world/wp-content/uploads/2019/12/smartmat-biogent-92-scaled-e1576235828338.jpg]
[www.nightingale.world/wp-content/uploads/2019/12/smartmat-tvspot-133-scaled-1500x605.jpg]
[www.nightingale.world/wp-content/uploads/2019/12/smartmat-tvspot-159-scaled-1500x605.jpg]
[www.nightingale.world/wp-content/uploads/2019/12/Smartmat-book-launch-46-2-scaled-1500x605.jpg]
[www.nightingale.world/wp-content/uploads/2019/12/NG_SECRETGARDEN_STRONGBOW-016KrisDekeijser-scaled-e1576233716909-855x570.jpg]
[www.nightingale.world/projects/smartmat/index.html]
[www.nightingale.world/wp-content/uploads/2019/12/NG_SECRETGARDEN_STRONGBOW-016KrisDekeijser-scaled-e1576233716909.jpg]
[www.nightingale.world/wp-content/uploads/2019/12/NG_SECRETGARDEN_STRONGBOW-014KrisDekeijser-scaled-e1576233802183.jpg]
[www.nightingale.world/wp-content/uploads/2019/12/NG_Strongbow_Secret-Garden_39MaximeFauconnier-scaled-e1576234338416.jpg]
[www.nightingale.world/wp-content/uploads/2019/12/NG_SECRETGARDEN_STRONGBOW-005KrisDekeijser-scaled-e1576234183832.jpg]
[www.nightingale.world/wp-content/uploads/2019/12/NG_Strongbow_Secret-Garden_45MaximeFauconnier-scaled-e1576234099956.jpg]
[www.nightingale.world/wp-content/uploads/2019/12/NG_SECRETGARDEN_STRONGBOW-018KrisDekeijser-scaled-e1576233996544.jpg]
[www.nightingale.world/wp-content/uploads/2019/12/MG_9746-scaled-855x570.jpg]
[www.nightingale.world/projects/strongbow-secret-garden/index.html]
[www.nightingale.world/wp-content/uploads/2019/12/MG_9746-scaled.jpg]
[www.nightingale.world/wp-content/uploads/2019/12/MG_9678-scaled-e1576231345217.jpg]
[www.nightingale.world/wp-content/uploads/2019/12/MG_0037-scaled-e1576231818978.jpg]
[www.nightingale.world/wp-content/uploads/2019/12/MG_9787-scaled-e1576231985316.jpg]
[www.nightingale.world/wp-content/uploads/2019/12/MG_9984-scaled-e1576232065263.jpg]
[www.nightingale.world/wp-content/uploads/2019/12/MG_0188-scaled-e1576232156222.jpg]
[www.nightingale.world/wp-content/uploads/2019/12/MG_0094-scaled-e1576232276224.jpg]
[www.nightingale.world/wp-content/uploads/2019/12/Mountain-18-scaled-855x570.jpg]
[www.nightingale.world/projects/house-of-heach/index.html]
[www.nightingale.world/projects/nightingale-hype•o•thermy-days/index.html]
[www.nightingale.world/wp-content/uploads/2019/12/ANTIDOTE-2X19-63-scaled.jpg]
[www.nightingale.world/wp-content/uploads/2019/12/ANTIDOTE-2X19-63-scaled-855x570.jpg]
[www.nightingale.world/wp-content/uploads/2019/12/MG_1378-scaled-e1576588289682.jpg]
[www.nightingale.world/wp-content/uploads/2019/12/MG_1188-scaled-e1576588454655.jpg]
[www.nightingale.world/wp-content/uploads/2019/12/ANTIDOTE-2X19-43-scaled-e1576588387866.jpg]
[www.nightingale.world/wp-content/uploads/2019/12/ANTIDOTE-2X19-48-scaled.jpg]
[www.nightingale.world/wp-content/uploads/2019/12/ANTIDOTE-2X19-167-scaled.jpg]
[www.nightingale.world/wp-content/uploads/2019/12/2T7A0226b.jpg]
[www.nightingale.world/wp-content/uploads/2019/12/MG_0590b-1-855x570.jpg]
[www.nightingale.world/projects/nightingale-antidote-2x19/index.html]
[www.nightingale.world/wp-content/uploads/2019/12/MG_0590b-1.jpg]
[www.nightingale.world/wp-content/uploads/2019/10/MG_1664b-e1576683607625.jpg]
[www.nightingale.world/wp-content/uploads/2019/12/MG_1024b.jpg]
[www.nightingale.world/wp-content/uploads/2019/12/MG_1183b-e1576580257200.jpg]
[www.nightingale.world/wp-content/uploads/2019/12/MG_0600b.jpg]
[www.nightingale.world/wp-content/uploads/2019/12/MG_0834b.jpg]
[www.nightingale.world/wp-content/uploads/2019/12/MG_0793b.jpg]
[www.nightingale.world/wp-content/uploads/2019/12/MG_0904b-e1576580417584.jpg]
[www.nightingale.world/wp-content/uploads/2019/12/MG_1706b-e1576580503815.jpg]
[www.nightingale.world/wp-content/uploads/2019/12/Nightingale-x-Vitamin-Well-1_0_1.jpg]
[www.nightingale.world/wp-content/uploads/2019/10/MG_0406b-e1576668122834.jpg]
[www.nightingale.world/wp-content/uploads/2019/12/MG_0589b-e1576581310140.jpg]
[www.nightingale.world/wp-content/uploads/2019/12/MG_0421b.jpg]
[www.nightingale.world/wp-content/uploads/2019/12/MG_0889b.jpg]
[www.nightingale.world/wp-content/uploads/2019/12/MG_0439b.jpg]
[www.nightingale.world/wp-content/uploads/2019/12/MG_0905b.jpg]
[www.nightingale.world/wp-content/uploads/2019/12/MG_1010b.jpg]
[www.nightingale.world/wp-content/uploads/2019/12/MG_7556b-855x570.jpg]
[www.nightingale.world/projects/nightingale-awake-days/index.html]
[www.nightingale.world/wp-content/uploads/2019/12/MG_7556b.jpg]
[www.nightingale.world/wp-content/uploads/2019/12/virtual-expo.jpg]
[www.nightingale.world/wp-content/uploads/2019/12/urlirl.jpg]
[www.nightingale.world/wp-content/uploads/2019/12/Schermafbeelding-2019-12-17-om-16.00.00.jpg]
[www.nightingale.world/wp-content/uploads/2019/12/MG_7736b_0.jpg]
[www.nightingale.world/wp-content/uploads/2019/12/friendsdinner-161.jpg]
[www.nightingale.world/wp-content/uploads/2019/12/MG_7694b-1500x605.jpg]
[www.nightingale.world/wp-content/uploads/2019/12/MG_8126b-1500x605.jpg]
[www.nightingale.world/wp-content/uploads/2019/12/MG_7947b-1-1500x605.jpg]
[www.nightingale.world/wp-content/uploads/2019/12/MG_7657b-1500x605.jpg]
[www.nightingale.world/wp-content/uploads/2019/12/MG_7509b-1500x605.jpg]
[www.nightingale.world/wp-content/uploads/2019/12/MG_7788b-1500x605.jpg]
[www.nightingale.world/wp-content/uploads/2019/12/MG_7810b-1500x605.jpg]
[www.nightingale.world/wp-content/uploads/2019/12/MG_7843b-1500x605.jpg]
[www.nightingale.world/wp-content/uploads/2019/12/MG_8455b-scaled-855x570.jpg]
[www.nightingale.world/projects/nightingale-url_irl/index.html]
[www.nightingale.world/wp-content/uploads/2019/12/MG_8455b-scaled.jpg]
[www.nightingale.world/wp-content/uploads/2019/12/MG_8348b-scaled-e1576589801323.jpg]
[www.nightingale.world/wp-content/uploads/2019/12/MG_8275b-scaled-e1576589694659.jpg]
[www.nightingale.world/wp-content/uploads/2019/12/MG_8358b-scaled.jpg]
[www.nightingale.world/wp-content/uploads/2019/12/MG_8557b-scaled-e1576589748242.jpg]
[www.nightingale.world/wp-content/uploads/2019/12/Nightingale-Open-Days-Concept-Store-6-2.jpg]
[www.nightingale.world/wp-content/uploads/2019/12/2017_04_NG_social.jpg]
[www.nightingale.world/wp-content/uploads/2019/12/Move-Your-Lee-2-855x570.jpg]
[www.nightingale.world/projects/nightingale-concept-store/index.html]
[www.nightingale.world/wp-content/uploads/2019/12/Move-Your-Lee-2.jpg]
[www.nightingale.world/wp-content/uploads/2019/12/Move-your-Lee--e1576237203747.jpg]
[www.nightingale.world/projects/move-your-lee/index.html]
[www.nightingale.world/wp-content/themes/nightingale/static/join-elipse.svg]
[www.nightingale.world/jobs/senior-pr-officer/index.html]
[www.nightingale.world/jobs/index.html]
[www.nightingale.world/wp-content/uploads/2019/10/73227118_2514905171930293_8323132544123540599_n-1.jpg]
[www.nightingale.world/jobs/digital-interns/index.html]
[www.nightingale.world/wp-content/uploads/2019/10/13534309_634272153398236_2118391507_n.jpg]
[www.nightingale.world/jobs/3d-intern/index.html]
[www.nightingale.world/wp-content/uploads/2019/05/FutureLab-1180x559.jpg]
[www.nightingale.world/wp-content/uploads/2019/05/Banner-News-CP-Company-1180x559.jpg]
[www.nightingale.world/news/the-future-laboratory-sets-aim-on-the-benelux/index.html]
[www.nightingale.world/wp-content/uploads/2019/03/ams-news-banner-1180x826.jpg]
[www.nightingale.world/wp-content/uploads/2019/03/Rectoverso-banner-news-1180x559.jpg]
[www.nightingale.world/wp-content/uploads/2019/02/Technogym-news-banner-1180x559.jpg]
[www.nightingale.world/wp-content/uploads/2019/02/BannerKaai-1180x559.jpg]
[www.nightingale.world/wp-content/uploads/2019/01/Bestseller-news-banner-1180x559.jpg]
[www.nightingale.world/news/c-p-company-crafts-functional-collection-with-streetwear-brand-patta/index.html]
[www.nightingale.world/wp-content/uploads/2018/09/G-Star-Raw-News-Nightingale-1180x270.jpg]
[www.nightingale.world/news/page/2/index.html]
[www.nightingale.world/news/category/events/index.html]
[www.nightingale.world/news/category/news/index.html]
[www.nightingale.world/news/nightingale-opens-amsterdam-presence-with-listening-club/index.html]
[www.nightingale.world/news/category/work/index.html]
[www.nightingale.world/news/belgian-sportswear-brand-rectoverso-launches-march-19th/index.html]
[www.nightingale.world/news/nightingale-welcomes-technogym-for-2019/index.html]
[www.nightingale.world/news/kaai-brings-seasonal-update/index.html]
[www.nightingale.world/wp-content/uploads/2020/02/apparel-mod-2.jpg]
[www.nightingale.world/news/nightingale-welcomes-bestseller/index.html]
[www.nightingale.world/news/g-star-raw-launches-the-uniform-of-the-free/index.html]
[www.nightingale.world/news/category/news/page/2/index.html]
[www.nightingale.world/wp-content/uploads/2020/02/natgeo-FW-banner-3.jpg]
[www.nightingale.world/wp-content/uploads/2020/02/natgeo-FW-banner-3-1920x430.jpg]
[www.nightingale.world/news/nat-geo-client/index.html]
[www.nightingale.world/wp-content/uploads/2020/01/nathan.jpg]
[www.nightingale.world/news/meet-nightingales-new-website-designed-by-green-chameleon/index.html]
[www.nightingale.world/wp-content/uploads/2019/12/NG_office-ams-retouched-lowres-04.jpg]
[www.nightingale.world/wp-content/uploads/2019/12/NG_office-ams-retouched-lowres-03.jpg]
[www.nightingale.world/wp-content/uploads/2019/12/NG_office-ams-retouched-lowres-03-1920x430.jpg]
[www.nightingale.world/wp-content/uploads/2019/12/NG_office-ams-retouched-lowres-06.jpg]
[www.nightingale.world/wp-content/uploads/2019/12/NG_office-ams-retouched-lowres-01.jpg]
[www.nightingale.world/wp-content/uploads/2019/12/almab_nightingale_MG_1049_web-scaled-590x413.jpg]
[www.nightingale.world/wp-content/uploads/2019/12/43A0114-1-scaled-590x413.jpg]
[www.nightingale.world/news/nightingale-opens-permanent-office-in-amsterdam/index.html]
[www.nightingale.world/wp-content/uploads/2019/12/almab_nightingale_MG_1049_web-scaled.jpg]
[www.nightingale.world/wp-content/uploads/2019/12/almab_nightingale_MG_1049_web-scaled-1707x430.jpg]
[www.nightingale.world/wp-content/uploads/2019/12/NG_office-ams-retouched-lowres-03-590x413.jpg]
[www.nightingale.world/news/nightingale-hosts-inspirational-trip-with-mode-unie/index.html]
[www.nightingale.world/wp-content/uploads/2019/12/43A9685-1-scaled.jpg]
[www.nightingale.world/wp-content/uploads/2019/12/43A0114-1-scaled.jpg]
[www.nightingale.world/wp-content/uploads/2019/12/43A0114-1-scaled-1920x430.jpg]
[www.nightingale.world/wp-content/uploads/2019/12/43A9421-1-scaled.jpg]
[www.nightingale.world/news/nightingale-prophecy-2x20/index.html]
[www.nightingale.world/wp-content/uploads/2019/06/FINAL_UNU_SOME-SHOOT_CONRAD-BAUER-45-640x960.jpg]
[www.nightingale.world/wp-content/uploads/2019/06/FINAL_UNU_SOME-SHOOT_CONRAD-BAUER-33-640x960.jpg]
[www.nightingale.world/news/revolutionized-commute-the-unu-scooter-2-0-2/index.html]
[nightingale.world/wp-content/uploads/2019/11/21ab01a1-89a6-41bc-be51-f1407be433ab_01.jpg]
[www.nightingale.world/wp-content/uploads/2019/05/Save-The-Duck-News-Nightingale.jpg]
[www.nightingale.world/wp-content/uploads/2019/05/Save-The-Duck-News-Nightingale-1920x430.jpg]
[www.nightingale.world/news/whos-going-to-save-the-duck/index.html]
[www.nightingale.world/projects/category/branding/page/2/index.html]
[www.nightingale.world/projects/category/exposure/page/2/index.html]
[www.nightingale.world/wp-content/uploads/2019/10/73227118_2514905171930293_8323132544123540599_n-1-1080x826.jpg]
[www.nightingale.world/jobs/index.html]
[www.nightingale.world/projects/category/exposure/page/3/index.html]
[nightingale.world/wp-content/uploads/2019/12/a85eee5e3c3c234d3e0a5146ffa1174b-1280x720.jpg]
[www.nightingale.world/wp-content/uploads/2019/05/FutureLab.jpg]
[www.nightingale.world/wp-content/uploads/2019/05/FutureLab-1920x430.jpg]
[www.nightingale.world/news/the-future-laboratory-sets-aim-on-the-benelux/index.html]
[nightingale.world/wp-content/uploads/2019/12/Screenshot-2019-03-25-at-10.44.34_0.jpg]
[www.nightingale.world/wp-content/uploads/2019/05/Banner-News-CP-Company.jpg]
[www.nightingale.world/wp-content/uploads/2019/05/Banner-News-CP-Company-1920x430.jpg]
[www.nightingale.world/news/c-p-company-crafts-functional-collection-with-streetwear-brand-patta/index.html]
[nightingale.world/wp-content/uploads/2019/12/Screenshot-2019-03-25-at-09.53.02.jpg]
[www.nightingale.world/wp-content/uploads/2019/03/ams-news-banner.jpg]
[www.nightingale.world/wp-content/uploads/2019/03/ams-news-banner-1920x430.jpg]
[nightingale.world/wp-content/uploads/2019/12/Photo-21-03-2019-17-50-24.jpg]
[nightingale.world/wp-content/uploads/2019/12/Screenshot-2019-03-25-at-11.13.30.jpg]
[www.nightingale.world/news/nightingale-opens-amsterdam-presence-with-listening-club/index.html]
[www.nightingale.world/wp-content/uploads/2019/03/Rectoverso-banner-news.jpg]
[www.nightingale.world/wp-content/uploads/2019/03/Rectoverso-banner-news-1920x430.jpg]
[www.nightingale.world/wp-content/uploads/2019/12/NG_RectoVerso_-L14-1621.jpg]
[www.nightingale.world/wp-content/uploads/2019/12/Screenshot-2019-03-13-at-13.41.48.jpg]
[www.nightingale.world/news/belgian-sportswear-brand-rectoverso-launches-march-19th/index.html]
[www.nightingale.world/wp-content/uploads/2019/02/Technogym-news-banner.jpg]
[www.nightingale.world/wp-content/uploads/2019/02/Technogym-news-banner-1920x430.jpg]
[www.nightingale.world/news/nightingale-welcomes-technogym-for-2019/index.html]
[www.nightingale.world/wp-content/uploads/2019/02/BannerKaai.jpg]
[www.nightingale.world/wp-content/uploads/2019/02/BannerKaai-1920x430.jpg]
[www.nightingale.world/wp-content/uploads/2019/12/06A6587_v01-copy.jpg]
[www.nightingale.world/wp-content/uploads/2019/12/06A6809_v06-copy.jpg]
[www.nightingale.world/news/kaai-brings-seasonal-update/index.html]
[nightingale.world/wp-content/uploads/2019/12/af20bf62-87d8-44f5-8000-05b615d0d758_0.jpg]
[www.nightingale.world/wp-content/uploads/2019/01/Bestseller-news-banner.jpg]
[www.nightingale.world/wp-content/uploads/2019/01/Bestseller-news-banner-1920x430.jpg]
[nightingale.world/wp-content/uploads/2019/12/88006418-a394-49ed-8f39-b5c1e467f248.jpg]
[nightingale.world/wp-content/uploads/2019/12/e5a7370a-a7a1-4371-b56c-ba2afc92aa38.jpg]
[nightingale.world/wp-content/uploads/2019/12/8377ec18-1a86-4d22-9e02-da0b5d2710e2.jpg]
[nightingale.world/wp-content/uploads/2019/12/af4cad90-fd40-45fc-91a5-b02e385b1405.jpg]
[nightingale.world/wp-content/uploads/2019/12/66d2fe59-b346-4cc5-8c39-53cec052515f.jpg]
[nightingale.world/wp-content/uploads/2019/12/bfac2c13-a539-4630-8a65-39eefc363cd4.jpg]
[www.nightingale.world/news/nightingale-welcomes-bestseller/index.html]
[www.nightingale.world/wp-content/uploads/2018/09/G-Star-Raw-News-Nightingale.jpg]
[nightingale.world/wp-content/uploads/2019/12/add63045-be89-463e-b825-b89236207077_6.jpg]
[www.nightingale.world/news/g-star-raw-launches-the-uniform-of-the-free/index.html]
[www.nightingale.world/news/category/news/page/2/index.html]
[scontent.cdninstagram.com/v/t51.2885-15/sh0.08/e35/s640x640/84979598_122035582692320_7823251802639904699_n641b.jpg]
[scontent.cdninstagram.com/v/t51.2885-15/sh0.08/e35/s640x640/84869391_2476418155903750_1029819792789452350_n314f.jpg]
[scontent.cdninstagram.com/v/t51.2885-15/sh0.08/e35/s640x640/84578422_210627890121058_1371933740283631035_n55b5.jpg]
[scontent.cdninstagram.com/v/t51.2885-15/sh0.08/e35/s640x640/84530290_2547156102273204_5850470313947295323_n5480.jpg]
[scontent.cdninstagram.com/v/t51.2885-15/sh0.08/e35/s640x640/83505603_751621895365003_5768044372784966644_n3d29.jpg]
[scontent.cdninstagram.com/v/t51.2885-15/sh0.08/e35/s640x640/83879536_2702489396457002_2024451544295783324_n6624.jpg]
[scontent.cdninstagram.com/v/t51.2885-15/sh0.08/e35/s640x640/83097952_136593951154312_7502172124573240554_n410e.jpg]
[scontent.cdninstagram.com/v/t51.2885-15/sh0.08/e35/p640x640/82064105_173027584006531_6651577712681737902_n86b4.jpg]
[scontent.cdninstagram.com/v/t51.2885-15/sh0.08/e35/s640x640/80017280_613939739366560_4191130388188357808_ne05a.jpg]
[scontent.cdninstagram.com/v/t51.2885-15/sh0.08/e35/s640x640/81430368_122437605687484_7625033396864476632_nee6f.jpg]
[scontent.cdninstagram.com/v/t51.2885-15/sh0.08/e35/s640x640/81340070_393014231532945_7251312969269091129_ne9c3.jpg]
[scontent.cdninstagram.com/v/t51.2885-15/sh0.08/e35/s640x640/82305331_130812691741779_542099273460622591_n9a31.jpg]
[scontent.cdninstagram.com/v/t51.2885-15/sh0.08/e35/s640x640/83607799_222710938728014_3399446862121164768_n77b3.jpg]
[scontent.cdninstagram.com/v/t51.2885-15/sh0.08/e35/p640x640/82281766_2468786630044960_2273328951289134523_n262b.jpg]
[scontent.cdninstagram.com/v/t51.2885-15/sh0.08/e35/s640x640/80078245_157165462288467_4815732139590581096_n446a.jpg]
[www.nightingale.world/projects/category/exposure/page/3/index.html]
